This is pdfTeX, Version 3.141592653-2.6-1.40.25 (MiKTeX 23.5) (preloaded format=pdflatex 2023.5.7)  4 MAY 2024 03:49
entering extended mode
 restricted \write18 enabled.
 file:line:error style messages enabled.
 %&-line parsing enabled.
**c:/projects/FinalWorks/Diploma/diploma/work.tex
(c:/projects/FinalWorks/Diploma/diploma/work.tex
LaTeX2e <2022-11-01> patch level 1
L3 programming layer <2023-04-20> (C:\Users\Leonid_Krazer\AppData\Local\Programs\MiKTeX\tex/latex/base\article.cls
Document Class: article 2022/07/02 v1.4n Standard LaTeX document class
(C:\Users\Leonid_Krazer\AppData\Local\Programs\MiKTeX\tex/latex/base\size12.clo
File: size12.clo 2022/07/02 v1.4n Standard LaTeX file (size option)
)
\c@part=\count185
\c@section=\count186
\c@subsection=\count187
\c@subsubsection=\count188
\c@paragraph=\count189
\c@subparagraph=\count190
\c@figure=\count191
\c@table=\count192
\abovecaptionskip=\skip48
\belowcaptionskip=\skip49
\bibindent=\dimen140
) (C:\Users\Leonid_Krazer\AppData\Local\Programs\MiKTeX\tex/latex/base\inputenc.sty
Package: inputenc 2021/02/14 v1.3d Input encoding file
\inpenc@prehook=\toks16
\inpenc@posthook=\toks17
) (C:\Users\Leonid_Krazer\AppData\Local\Programs\MiKTeX\tex/latex/base\fontenc.sty
Package: fontenc 2021/04/29 v2.0v Standard LaTeX package
 (C:\Users\Leonid_Krazer\AppData\Local\Programs\MiKTeX\tex/latex/cyrillic\t2aenc.def
File: t2aenc.def 2022/06/11 v1.0j Cyrillic encoding definition file
Now handling font encoding T2A ...
... processing UTF-8 mapping file for font encoding T2A
 (C:\Users\Leonid_Krazer\AppData\Local\Programs\MiKTeX\tex/latex/base\t2aenc.dfu
File: t2aenc.dfu 2022/06/07 v1.3c UTF-8 support
   defining Unicode char U+00A4 (decimal 164)
   defining Unicode char U+00A7 (decimal 167)
   defining Unicode char U+00AB (decimal 171)
   defining Unicode char U+00BB (decimal 187)
   defining Unicode char U+0131 (decimal 305)
   defining Unicode char U+0237 (decimal 567)
   defining Unicode char U+0400 (decimal 1024)
   defining Unicode char U+0401 (decimal 1025)
   defining Unicode char U+0402 (decimal 1026)
   defining Unicode char U+0403 (decimal 1027)
   defining Unicode char U+0404 (decimal 1028)
   defining Unicode char U+0405 (decimal 1029)
   defining Unicode char U+0406 (decimal 1030)
   defining Unicode char U+0407 (decimal 1031)
   defining Unicode char U+0408 (decimal 1032)
   defining Unicode char U+0409 (decimal 1033)
   defining Unicode char U+040A (decimal 1034)
   defining Unicode char U+040B (decimal 1035)
   defining Unicode char U+040C (decimal 1036)
   defining Unicode char U+040D (decimal 1037)
   defining Unicode char U+040E (decimal 1038)
   defining Unicode char U+040F (decimal 1039)
   defining Unicode char U+0410 (decimal 1040)
   defining Unicode char U+0411 (decimal 1041)
   defining Unicode char U+0412 (decimal 1042)
   defining Unicode char U+0413 (decimal 1043)
   defining Unicode char U+0414 (decimal 1044)
   defining Unicode char U+0415 (decimal 1045)
   defining Unicode char U+0416 (decimal 1046)
   defining Unicode char U+0417 (decimal 1047)
   defining Unicode char U+0418 (decimal 1048)
   defining Unicode char U+0419 (decimal 1049)
   defining Unicode char U+041A (decimal 1050)
   defining Unicode char U+041B (decimal 1051)
   defining Unicode char U+041C (decimal 1052)
   defining Unicode char U+041D (decimal 1053)
   defining Unicode char U+041E (decimal 1054)
   defining Unicode char U+041F (decimal 1055)
   defining Unicode char U+0420 (decimal 1056)
   defining Unicode char U+0421 (decimal 1057)
   defining Unicode char U+0422 (decimal 1058)
   defining Unicode char U+0423 (decimal 1059)
   defining Unicode char U+0424 (decimal 1060)
   defining Unicode char U+0425 (decimal 1061)
   defining Unicode char U+0426 (decimal 1062)
   defining Unicode char U+0427 (decimal 1063)
   defining Unicode char U+0428 (decimal 1064)
   defining Unicode char U+0429 (decimal 1065)
   defining Unicode char U+042A (decimal 1066)
   defining Unicode char U+042B (decimal 1067)
   defining Unicode char U+042C (decimal 1068)
   defining Unicode char U+042D (decimal 1069)
   defining Unicode char U+042E (decimal 1070)
   defining Unicode char U+042F (decimal 1071)
   defining Unicode char U+0430 (decimal 1072)
   defining Unicode char U+0431 (decimal 1073)
   defining Unicode char U+0432 (decimal 1074)
   defining Unicode char U+0433 (decimal 1075)
   defining Unicode char U+0434 (decimal 1076)
   defining Unicode char U+0435 (decimal 1077)
   defining Unicode char U+0436 (decimal 1078)
   defining Unicode char U+0437 (decimal 1079)
   defining Unicode char U+0438 (decimal 1080)
   defining Unicode char U+0439 (decimal 1081)
   defining Unicode char U+043A (decimal 1082)
   defining Unicode char U+043B (decimal 1083)
   defining Unicode char U+043C (decimal 1084)
   defining Unicode char U+043D (decimal 1085)
   defining Unicode char U+043E (decimal 1086)
   defining Unicode char U+043F (decimal 1087)
   defining Unicode char U+0440 (decimal 1088)
   defining Unicode char U+0441 (decimal 1089)
   defining Unicode char U+0442 (decimal 1090)
   defining Unicode char U+0443 (decimal 1091)
   defining Unicode char U+0444 (decimal 1092)
   defining Unicode char U+0445 (decimal 1093)
   defining Unicode char U+0446 (decimal 1094)
   defining Unicode char U+0447 (decimal 1095)
   defining Unicode char U+0448 (decimal 1096)
   defining Unicode char U+0449 (decimal 1097)
   defining Unicode char U+044A (decimal 1098)
   defining Unicode char U+044B (decimal 1099)
   defining Unicode char U+044C (decimal 1100)
   defining Unicode char U+044D (decimal 1101)
   defining Unicode char U+044E (decimal 1102)
   defining Unicode char U+044F (decimal 1103)
   defining Unicode char U+0450 (decimal 1104)
   defining Unicode char U+0451 (decimal 1105)
   defining Unicode char U+0452 (decimal 1106)
   defining Unicode char U+0453 (decimal 1107)
   defining Unicode char U+0454 (decimal 1108)
   defining Unicode char U+0455 (decimal 1109)
   defining Unicode char U+0456 (decimal 1110)
   defining Unicode char U+0457 (decimal 1111)
   defining Unicode char U+0458 (decimal 1112)
   defining Unicode char U+0459 (decimal 1113)
   defining Unicode char U+045A (decimal 1114)
   defining Unicode char U+045B (decimal 1115)
   defining Unicode char U+045C (decimal 1116)
   defining Unicode char U+045D (decimal 1117)
   defining Unicode char U+045E (decimal 1118)
   defining Unicode char U+045F (decimal 1119)
   defining Unicode char U+0490 (decimal 1168)
   defining Unicode char U+0491 (decimal 1169)
   defining Unicode char U+0492 (decimal 1170)
   defining Unicode char U+0493 (decimal 1171)
   defining Unicode char U+0496 (decimal 1174)
   defining Unicode char U+0497 (decimal 1175)
   defining Unicode char U+0498 (decimal 1176)
   defining Unicode char U+0499 (decimal 1177)
   defining Unicode char U+049A (decimal 1178)
   defining Unicode char U+049B (decimal 1179)
   defining Unicode char U+049C (decimal 1180)
   defining Unicode char U+049D (decimal 1181)
   defining Unicode char U+04A0 (decimal 1184)
   defining Unicode char U+04A1 (decimal 1185)
   defining Unicode char U+04A2 (decimal 1186)
   defining Unicode char U+04A3 (decimal 1187)
   defining Unicode char U+04A4 (decimal 1188)
   defining Unicode char U+04A5 (decimal 1189)
   defining Unicode char U+04AA (decimal 1194)
   defining Unicode char U+04AB (decimal 1195)
   defining Unicode char U+04AE (decimal 1198)
   defining Unicode char U+04AF (decimal 1199)
   defining Unicode char U+04B0 (decimal 1200)
   defining Unicode char U+04B1 (decimal 1201)
   defining Unicode char U+04B2 (decimal 1202)
   defining Unicode char U+04B3 (decimal 1203)
   defining Unicode char U+04B6 (decimal 1206)
   defining Unicode char U+04B7 (decimal 1207)
   defining Unicode char U+04B8 (decimal 1208)
   defining Unicode char U+04B9 (decimal 1209)
   defining Unicode char U+04BA (decimal 1210)
   defining Unicode char U+04BB (decimal 1211)
   defining Unicode char U+04C0 (decimal 1216)
   defining Unicode char U+04C1 (decimal 1217)
   defining Unicode char U+04C2 (decimal 1218)
   defining Unicode char U+04D0 (decimal 1232)
   defining Unicode char U+04D1 (decimal 1233)
   defining Unicode char U+04D2 (decimal 1234)
   defining Unicode char U+04D3 (decimal 1235)
   defining Unicode char U+04D4 (decimal 1236)
   defining Unicode char U+04D5 (decimal 1237)
   defining Unicode char U+04D6 (decimal 1238)
   defining Unicode char U+04D7 (decimal 1239)
   defining Unicode char U+04D8 (decimal 1240)
   defining Unicode char U+04D9 (decimal 1241)
   defining Unicode char U+04DA (decimal 1242)
   defining Unicode char U+04DB (decimal 1243)
   defining Unicode char U+04DC (decimal 1244)
   defining Unicode char U+04DD (decimal 1245)
   defining Unicode char U+04DE (decimal 1246)
   defining Unicode char U+04DF (decimal 1247)
   defining Unicode char U+04E2 (decimal 1250)
   defining Unicode char U+04E3 (decimal 1251)
   defining Unicode char U+04E4 (decimal 1252)
   defining Unicode char U+04E5 (decimal 1253)
   defining Unicode char U+04E6 (decimal 1254)
   defining Unicode char U+04E7 (decimal 1255)
   defining Unicode char U+04E8 (decimal 1256)
   defining Unicode char U+04E9 (decimal 1257)
   defining Unicode char U+04EC (decimal 1260)
   defining Unicode char U+04ED (decimal 1261)
   defining Unicode char U+04EE (decimal 1262)
   defining Unicode char U+04EF (decimal 1263)
   defining Unicode char U+04F0 (decimal 1264)
   defining Unicode char U+04F1 (decimal 1265)
   defining Unicode char U+04F2 (decimal 1266)
   defining Unicode char U+04F3 (decimal 1267)
   defining Unicode char U+04F4 (decimal 1268)
   defining Unicode char U+04F5 (decimal 1269)
   defining Unicode char U+04F8 (decimal 1272)
   defining Unicode char U+04F9 (decimal 1273)
   defining Unicode char U+200C (decimal 8204)
   defining Unicode char U+2013 (decimal 8211)
   defining Unicode char U+2014 (decimal 8212)
   defining Unicode char U+2018 (decimal 8216)
   defining Unicode char U+2019 (decimal 8217)
   defining Unicode char U+201C (decimal 8220)
   defining Unicode char U+201D (decimal 8221)
   defining Unicode char U+201E (decimal 8222)
   defining Unicode char U+2030 (decimal 8240)
   defining Unicode char U+2031 (decimal 8241)
   defining Unicode char U+2116 (decimal 8470)
   defining Unicode char U+2329 (decimal 9001)
   defining Unicode char U+3008 (decimal 12296)
   defining Unicode char U+232A (decimal 9002)
   defining Unicode char U+3009 (decimal 12297)
   defining Unicode char U+2423 (decimal 9251)
   defining Unicode char U+27E8 (decimal 10216)
   defining Unicode char U+27E9 (decimal 10217)
   defining Unicode char U+FB00 (decimal 64256)
   defining Unicode char U+FB01 (decimal 64257)
   defining Unicode char U+FB02 (decimal 64258)
   defining Unicode char U+FB03 (decimal 64259)
   defining Unicode char U+FB04 (decimal 64260)
   defining Unicode char U+FB05 (decimal 64261)
   defining Unicode char U+FB06 (decimal 64262)
))
LaTeX Font Info:    Trying to load font information for T2A+cmr on input line 112.
 (C:\Users\Leonid_Krazer\AppData\Local\Programs\MiKTeX\tex/latex/cyrillic\t2acmr.fd
File: t2acmr.fd 2001/08/11 v1.0a Computer Modern Cyrillic font definitions
)) (C:\Users\Leonid_Krazer\AppData\Local\Programs\MiKTeX\tex/generic/babel\babel.sty
Package: babel 2023/04/18 3.88 The Babel package
\babel@savecnt=\count193
\U@D=\dimen141
\l@unhyphenated=\language79
 (C:\Users\Leonid_Krazer\AppData\Local\Programs\MiKTeX\tex/generic/babel\txtbabel.def)
\bbl@readstream=\read2
\bbl@dirlevel=\count194

*************************************
* Local config file bblopts.cfg used
*
(C:\Users\Leonid_Krazer\AppData\Local\Programs\MiKTeX\tex/latex/arabi\bblopts.cfg
File: bblopts.cfg 2005/09/08 v0.1 add Arabic and Farsi to "declared" options of babel
) (C:\Users\Leonid_Krazer\AppData\Local\Programs\MiKTeX\tex/latex/babel-english\english.ldf
Language: english 2017/06/06 v3.3r English support from the babel system
Package babel Info: Hyphen rules for 'canadian' set to \l@english
(babel)             (\language0). Reported on input line 102.
Package babel Info: Hyphen rules for 'australian' set to \l@ukenglish
(babel)             (\language73). Reported on input line 105.
Package babel Info: Hyphen rules for 'newzealand' set to \l@ukenglish
(babel)             (\language73). Reported on input line 108.
) (C:\Users\Leonid_Krazer\AppData\Local\Programs\MiKTeX\tex/latex/babel-russian\russianb.ldf
File: russianb.ldf 2021/01/10 1.3m Russian support for the Babel system
Language: russian 2020/09/09 1.3k Russian support for the Babel system
Package babel Info: Making " an active character on input line 124.
Package babel Info: Default for \cyrdash is provided on input line 163.
)) (C:\Users\Leonid_Krazer\AppData\Local\Programs\MiKTeX\tex/generic/babel/locale/ru\babel-russian.tex
Package babel Info: Importing font and identification data for russian
(babel)             from babel-ru.ini. Reported on input line 11.
) (C:\Users\Leonid_Krazer\AppData\Local\Programs\MiKTeX\tex/generic/babel/locale/en\babel-english.tex
Package babel Info: Importing font and identification data for english
(babel)             from babel-en.ini. Reported on input line 11.
) (C:\Users\Leonid_Krazer\AppData\Local\Programs\MiKTeX\tex/latex/anyfontsize\anyfontsize.sty
Package: anyfontsize 2007/11/22 anyfontsize.sty by pts
) (C:\Users\Leonid_Krazer\AppData\Local\Programs\MiKTeX\tex/latex/extsizes\extsizes.sty
Package: extsizes 1996/10/08 v1.0 Non Standard LaTeX Package


Package ExtSizes Warning: It is better to use one of the extsizes classes,
 if you can.

(C:\Users\Leonid_Krazer\AppData\Local\Programs\MiKTeX\tex/latex/base\size12.clo
File: size12.clo 2022/07/02 v1.4n Standard LaTeX file (size option)
LaTeX Info: Command `\normalsize' is already robust on input line 56.
LaTeX Info: Redefining \small on input line 58.
LaTeX Info: Redefining \footnotesize on input line 69.
LaTeX Info: Redefining \scriptsize on input line 80.
LaTeX Info: Redefining \tiny on input line 81.
LaTeX Info: Redefining \large on input line 82.
LaTeX Info: Redefining \Large on input line 83.
LaTeX Info: Redefining \LARGE on input line 84.
LaTeX Info: Redefining \huge on input line 85.
)) (C:\Users\Leonid_Krazer\AppData\Local\Programs\MiKTeX\tex/latex/geometry\geometry.sty
Package: geometry 2020/01/02 v5.9 Page Geometry
 (C:\Users\Leonid_Krazer\AppData\Local\Programs\MiKTeX\tex/latex/graphics\keyval.sty
Package: keyval 2022/05/29 v1.15 key=value parser (DPC)
\KV@toks@=\toks18
) (C:\Users\Leonid_Krazer\AppData\Local\Programs\MiKTeX\tex/generic/iftex\ifvtex.sty
Package: ifvtex 2019/10/25 v1.7 ifvtex legacy package. Use iftex instead.
 (C:\Users\Leonid_Krazer\AppData\Local\Programs\MiKTeX\tex/generic/iftex\iftex.sty
Package: iftex 2022/02/03 v1.0f TeX engine tests
))
\Gm@cnth=\count195
\Gm@cntv=\count196
\c@Gm@tempcnt=\count197
\Gm@bindingoffset=\dimen142
\Gm@wd@mp=\dimen143
\Gm@odd@mp=\dimen144
\Gm@even@mp=\dimen145
\Gm@layoutwidth=\dimen146
\Gm@layoutheight=\dimen147
\Gm@layouthoffset=\dimen148
\Gm@layoutvoffset=\dimen149
\Gm@dimlist=\toks19
 (C:\Users\Leonid_Krazer\AppData\Local\Programs\MiKTeX\tex/latex/geometry\geometry.cfg)) (C:\Users\Leonid_Krazer\AppData\Local\Programs\MiKTeX\tex/latex/setspace\setspace.sty
Package: setspace 2022/12/04 v6.7b set line spacing
) (C:\Users\Leonid_Krazer\AppData\Local\Programs\MiKTeX\tex/latex/ragged2e\ragged2e.sty
Package: ragged2e 2023/04/04 v3.5 ragged2e Package
\CenteringLeftskip=\skip50
\RaggedLeftLeftskip=\skip51
\RaggedRightLeftskip=\skip52
\CenteringRightskip=\skip53
\RaggedLeftRightskip=\skip54
\RaggedRightRightskip=\skip55
\CenteringParfillskip=\skip56
\RaggedLeftParfillskip=\skip57
\RaggedRightParfillskip=\skip58
\JustifyingParfillskip=\skip59
\CenteringParindent=\skip60
\RaggedLeftParindent=\skip61
\RaggedRightParindent=\skip62
\JustifyingParindent=\skip63
) (C:\Users\Leonid_Krazer\AppData\Local\Programs\MiKTeX\tex/latex/parskip\parskip.sty
Package: parskip 2021-03-14 v2.0h non-zero parskip adjustments
 (C:\Users\Leonid_Krazer\AppData\Local\Programs\MiKTeX\tex/latex/kvoptions\kvoptions.sty
Package: kvoptions 2022-06-15 v3.15 Key value format for package options (HO)
 (C:\Users\Leonid_Krazer\AppData\Local\Programs\MiKTeX\tex/generic/ltxcmds\ltxcmds.sty
Package: ltxcmds 2020-05-10 v1.25 LaTeX kernel commands for general use (HO)
) (C:\Users\Leonid_Krazer\AppData\Local\Programs\MiKTeX\tex/latex/kvsetkeys\kvsetkeys.sty
Package: kvsetkeys 2022-10-05 v1.19 Key value parser (HO)
)) (C:\Users\Leonid_Krazer\AppData\Local\Programs\MiKTeX\tex/latex/etoolbox\etoolbox.sty
Package: etoolbox 2020/10/05 v2.5k e-TeX tools for LaTeX (JAW)
\etb@tempcnta=\count198
)) (C:\Users\Leonid_Krazer\AppData\Local\Programs\MiKTeX\tex/latex/graphics\graphicx.sty
Package: graphicx 2021/09/16 v1.2d Enhanced LaTeX Graphics (DPC,SPQR)
 (C:\Users\Leonid_Krazer\AppData\Local\Programs\MiKTeX\tex/latex/graphics\graphics.sty
Package: graphics 2022/03/10 v1.4e Standard LaTeX Graphics (DPC,SPQR)
 (C:\Users\Leonid_Krazer\AppData\Local\Programs\MiKTeX\tex/latex/graphics\trig.sty
Package: trig 2021/08/11 v1.11 sin cos tan (DPC)
) (C:\Users\Leonid_Krazer\AppData\Local\Programs\MiKTeX\tex/latex/graphics-cfg\graphics.cfg
File: graphics.cfg 2016/06/04 v1.11 sample graphics configuration
)
Package graphics Info: Driver file: pdftex.def on input line 107.
 (C:\Users\Leonid_Krazer\AppData\Local\Programs\MiKTeX\tex/latex/graphics-def\pdftex.def
File: pdftex.def 2022/09/22 v1.2b Graphics/color driver for pdftex
))
\Gin@req@height=\dimen150
\Gin@req@width=\dimen151
) (C:\Users\Leonid_Krazer\AppData\Local\Programs\MiKTeX\tex/latex/caption\caption.sty
Package: caption 2023/08/05 v3.6o Customizing captions (AR)
 (C:\Users\Leonid_Krazer\AppData\Local\Programs\MiKTeX\tex/latex/caption\caption3.sty
Package: caption3 2023/07/31 v2.4d caption3 kernel (AR)
\caption@tempdima=\dimen152
\captionmargin=\dimen153
\caption@leftmargin=\dimen154
\caption@rightmargin=\dimen155
\caption@width=\dimen156
\caption@indent=\dimen157
\caption@parindent=\dimen158
\caption@hangindent=\dimen159
Package caption Info: Standard document class detected.
)
\c@caption@flags=\count199
\c@continuedfloat=\count266
) (C:\Users\Leonid_Krazer\AppData\Local\Programs\MiKTeX\tex/latex/caption\subcaption.sty
Package: subcaption 2023/07/28 v1.6b Sub-captions (AR)
Package caption Info: New subtype `subfigure' on input line 238.
\c@subfigure=\count267
Package caption Info: New subtype `subtable' on input line 238.
\c@subtable=\count268
) (C:\Users\Leonid_Krazer\AppData\Local\Programs\MiKTeX\tex/latex/graphics\color.sty
Package: color 2022/01/06 v1.3d Standard LaTeX Color (DPC)
 (C:\Users\Leonid_Krazer\AppData\Local\Programs\MiKTeX\tex/latex/graphics-cfg\color.cfg
File: color.cfg 2016/01/02 v1.6 sample color configuration
)
Package color Info: Driver file: pdftex.def on input line 149.
 (C:\Users\Leonid_Krazer\AppData\Local\Programs\MiKTeX\tex/latex/graphics\mathcolor.ltx)) (C:\Users\Leonid_Krazer\AppData\Local\Programs\MiKTeX\tex/latex/tools\longtable.sty
Package: longtable 2021-09-01 v4.17 Multi-page Table package (DPC)
\LTleft=\skip64
\LTright=\skip65
\LTpre=\skip66
\LTpost=\skip67
\LTchunksize=\count269
\LTcapwidth=\dimen160
\LT@head=\box51
\LT@firsthead=\box52
\LT@foot=\box53
\LT@lastfoot=\box54
\LT@gbox=\box55
\LT@cols=\count270
\LT@rows=\count271
\c@LT@tables=\count272
\c@LT@chunks=\count273
\LT@p@ftn=\toks20
) (C:\Users\Leonid_Krazer\AppData\Local\Programs\MiKTeX\tex/generic/soul\soul.sty
Package: soul 2023-06-14 v3.1 Permit use of UTF-8 characters in soul (HO)
 (C:\Users\Leonid_Krazer\AppData\Local\Programs\MiKTeX\tex/generic/soul\soul-ori.sty
Package: soul-ori 2023-06-14 v3.1 letterspacing/underlining (mf)
\SOUL@word=\toks21
\SOUL@lasttoken=\toks22
\SOUL@syllable=\toks23
\SOUL@cmds=\toks24
\SOUL@buffer=\toks25
\SOUL@token=\toks26
\SOUL@syllgoal=\dimen161
\SOUL@syllwidth=\dimen162
\SOUL@charkern=\dimen163
\SOUL@hyphkern=\dimen164
\SOUL@dimen=\dimen165
\SOUL@dimeni=\dimen166
\SOUL@minus=\count274
\SOUL@comma=\count275
\SOUL@apo=\count276
\SOUL@grave=\count277
\SOUL@spaceskip=\skip68
\SOUL@ttwidth=\dimen167
\SOUL@uldp=\dimen168
\SOUL@ulht=\dimen169
) (C:\Users\Leonid_Krazer\AppData\Local\Programs\MiKTeX\tex/generic/infwarerr\infwarerr.sty
Package: infwarerr 2019/12/03 v1.5 Providing info/warning/error messages (HO)
) (C:\Users\Leonid_Krazer\AppData\Local\Programs\MiKTeX\tex/generic/etexcmds\etexcmds.sty
Package: etexcmds 2019/12/15 v1.7 Avoid name clashes with e-TeX commands (HO)
)) (C:\Users\Leonid_Krazer\AppData\Local\Programs\MiKTeX\tex/latex/pdfpages\pdfpages.sty
Package: pdfpages 2024/01/21 v0.5y Insert pages of external PDF documents (AM)
 (C:\Users\Leonid_Krazer\AppData\Local\Programs\MiKTeX\tex/latex/base\ifthen.sty
Package: ifthen 2022/04/13 v1.1d Standard LaTeX ifthen package (DPC)
) (C:\Users\Leonid_Krazer\AppData\Local\Programs\MiKTeX\tex/latex/tools\calc.sty
Package: calc 2017/05/25 v4.3 Infix arithmetic (KKT,FJ)
\calc@Acount=\count278
\calc@Bcount=\count279
\calc@Adimen=\dimen170
\calc@Bdimen=\dimen171
\calc@Askip=\skip69
\calc@Bskip=\skip70
LaTeX Info: Redefining \setlength on input line 80.
LaTeX Info: Redefining \addtolength on input line 81.
\calc@Ccount=\count280
\calc@Cskip=\skip71
) (C:\Users\Leonid_Krazer\AppData\Local\Programs\MiKTeX\tex/latex/eso-pic\eso-pic.sty
Package: eso-pic 2023/05/03 v3.0c eso-pic (RN)
\ESO@tempdima=\dimen172
\ESO@tempdimb=\dimen173
)
\AM@pagewidth=\dimen174
\AM@pageheight=\dimen175
\AM@fboxrule=\dimen176
 (C:\Users\Leonid_Krazer\AppData\Local\Programs\MiKTeX\tex/latex/pdfpages\pppdftex.def
File: pppdftex.def 2024/01/21 v0.5y Pdfpages driver for pdfTeX (AM)
)
\pdfpages@includegraphics@status=\count281
\AM@pagebox=\box56
\AM@global@opts=\toks27
\AM@pagecnt=\count282
\AM@toc@title=\toks28
\AM@lof@heading=\toks29
\c@AM@survey=\count283
\AM@templatesizebox=\box57
) (C:\Users\Leonid_Krazer\AppData\Local\Programs\MiKTeX\tex/latex/fancyhdr\fancyhdr.sty
Package: fancyhdr 2022/11/09 v4.1 Extensive control of page headers and footers
\f@nch@headwidth=\skip72
\f@nch@O@elh=\skip73
\f@nch@O@erh=\skip74
\f@nch@O@olh=\skip75
\f@nch@O@orh=\skip76
\f@nch@O@elf=\skip77
\f@nch@O@erf=\skip78
\f@nch@O@olf=\skip79
\f@nch@O@orf=\skip80
) (C:\Users\Leonid_Krazer\AppData\Local\Programs\MiKTeX\tex/latex/sectsty\sectsty.sty
Package: sectsty 2002/02/25 v2.0.2 Commands to change all sectional heading styles


LaTeX Warning: Command \underbar  has changed.
               Check if current package is valid.


LaTeX Warning: Command \underline  has changed.
               Check if current package is valid.

) (C:\Users\Leonid_Krazer\AppData\Local\Programs\MiKTeX\tex/latex/tools\verbatim.sty
Package: verbatim 2022-07-02 v1.5u LaTeX2e package for verbatim enhancements
\every@verbatim=\toks30
\verbatim@line=\toks31
\verbatim@in@stream=\read3
) (C:\Users\Leonid_Krazer\AppData\Local\Programs\MiKTeX\tex/latex/tools\tabularx.sty
Package: tabularx 2020/01/15 v2.11c `tabularx' package (DPC)
 (C:\Users\Leonid_Krazer\AppData\Local\Programs\MiKTeX\tex/latex/tools\array.sty
Package: array 2022/09/04 v2.5g Tabular extension package (FMi)
\col@sep=\dimen177
\ar@mcellbox=\box58
\extrarowheight=\dimen178
\NC@list=\toks32
\extratabsurround=\skip81
\backup@length=\skip82
\ar@cellbox=\box59
)
\TX@col@width=\dimen179
\TX@old@table=\dimen180
\TX@old@col=\dimen181
\TX@target=\dimen182
\TX@delta=\dimen183
\TX@cols=\count284
\TX@ftn=\toks33
) (C:\Users\Leonid_Krazer\AppData\Local\Programs\MiKTeX\tex/latex/stmaryrd\stmaryrd.sty
Package: stmaryrd 1994/03/03 St Mary's Road symbol package
\symstmry=\mathgroup4
LaTeX Font Info:    Overwriting symbol font `stmry' in version `bold'
(Font)                  U/stmry/m/n --> U/stmry/b/n on input line 89.
) (C:\Users\Leonid_Krazer\AppData\Local\Programs\MiKTeX\tex/latex/biblatex\biblatex.sty
Package: biblatex 2023/03/05 v3.19 programmable bibliographies (PK/MW)
 (C:\Users\Leonid_Krazer\AppData\Local\Programs\MiKTeX\tex/generic/pdftexcmds\pdftexcmds.sty
Package: pdftexcmds 2020-06-27 v0.33 Utility functions of pdfTeX for LuaTeX (HO)
Package pdftexcmds Info: \pdf@primitive is available.
Package pdftexcmds Info: \pdf@ifprimitive is available.
Package pdftexcmds Info: \pdfdraftmode found.
) (C:\Users\Leonid_Krazer\AppData\Local\Programs\MiKTeX\tex/latex/logreq\logreq.sty
Package: logreq 2010/08/04 v1.0 xml request logger
\lrq@indent=\count285
 (C:\Users\Leonid_Krazer\AppData\Local\Programs\MiKTeX\tex/latex/logreq\logreq.def
File: logreq.def 2010/08/04 v1.0 logreq spec v1.0
)) (C:\Users\Leonid_Krazer\AppData\Local\Programs\MiKTeX\tex/latex/url\url.sty
\Urlmuskip=\muskip16
Package: url 2013/09/16  ver 3.4  Verb mode for urls, etc.
)
\c@tabx@nest=\count286
\c@listtotal=\count287
\c@listcount=\count288
\c@liststart=\count289
\c@liststop=\count290
\c@citecount=\count291
\c@citetotal=\count292
\c@multicitecount=\count293
\c@multicitetotal=\count294
\c@instcount=\count295
\c@maxnames=\count296
\c@minnames=\count297
\c@maxitems=\count298
\c@minitems=\count299
\c@citecounter=\count300
\c@maxcitecounter=\count301
\c@savedcitecounter=\count302
\c@uniquelist=\count303
\c@uniquename=\count304
\c@refsection=\count305
\c@refsegment=\count306
\c@maxextratitle=\count307
\c@maxextratitleyear=\count308
\c@maxextraname=\count309
\c@maxextradate=\count310
\c@maxextraalpha=\count311
\c@abbrvpenalty=\count312
\c@highnamepenalty=\count313
\c@lownamepenalty=\count314
\c@maxparens=\count315
\c@parenlevel=\count316
\blx@tempcnta=\count317
\blx@tempcntb=\count318
\blx@tempcntc=\count319
\c@blx@maxsection=\count320
\blx@maxsegment@0=\count321
\blx@notetype=\count322
\blx@parenlevel@text=\count323
\blx@parenlevel@foot=\count324
\blx@sectionciteorder@0=\count325
\blx@sectionciteorderinternal@0=\count326
\blx@entrysetcounter=\count327
\blx@biblioinstance=\count328
\labelnumberwidth=\skip83
\labelalphawidth=\skip84
\biblabelsep=\skip85
\bibitemsep=\skip86
\bibnamesep=\skip87
\bibinitsep=\skip88
\bibparsep=\skip89
\bibhang=\skip90
\blx@bcfin=\read4
\blx@bcfout=\write3
\blx@langwohyphens=\language80
\c@mincomprange=\count329
\c@maxcomprange=\count330
\c@mincompwidth=\count331
Package biblatex Info: Trying to load biblatex default data model...
Package biblatex Info: ... file 'blx-dm.def' found.
 (C:\Users\Leonid_Krazer\AppData\Local\Programs\MiKTeX\tex/latex/biblatex\blx-dm.def
File: blx-dm.def 2023/03/05 v3.19 biblatex localization (PK/MW)
)
Package biblatex Info: Trying to load biblatex style data model...
Package biblatex Info: ... file 'numeric.dbx' not found.
Package biblatex Info: Trying to load biblatex custom data model...
Package biblatex Info: ... file 'biblatex-dm.cfg' not found.
\c@afterword=\count332
\c@savedafterword=\count333
\c@annotator=\count334
\c@savedannotator=\count335
\c@author=\count336
\c@savedauthor=\count337
\c@bookauthor=\count338
\c@savedbookauthor=\count339
\c@commentator=\count340
\c@savedcommentator=\count341
\c@editor=\count342
\c@savededitor=\count343
\c@editora=\count344
\c@savededitora=\count345
\c@editorb=\count346
\c@savededitorb=\count347
\c@editorc=\count348
\c@savededitorc=\count349
\c@foreword=\count350
\c@savedforeword=\count351
\c@holder=\count352
\c@savedholder=\count353
\c@introduction=\count354
\c@savedintroduction=\count355
\c@namea=\count356
\c@savednamea=\count357
\c@nameb=\count358
\c@savednameb=\count359
\c@namec=\count360
\c@savednamec=\count361
\c@translator=\count362
\c@savedtranslator=\count363
\c@shortauthor=\count364
\c@savedshortauthor=\count365
\c@shorteditor=\count366
\c@savedshorteditor=\count367
\c@labelname=\count368
\c@savedlabelname=\count369
\c@institution=\count370
\c@savedinstitution=\count371
\c@lista=\count372
\c@savedlista=\count373
\c@listb=\count374
\c@savedlistb=\count375
\c@listc=\count376
\c@savedlistc=\count377
\c@listd=\count378
\c@savedlistd=\count379
\c@liste=\count380
\c@savedliste=\count381
\c@listf=\count382
\c@savedlistf=\count383
\c@location=\count384
\c@savedlocation=\count385
\c@organization=\count386
\c@savedorganization=\count387
\c@origlocation=\count388
\c@savedoriglocation=\count389
\c@origpublisher=\count390
\c@savedorigpublisher=\count391
\c@publisher=\count392
\c@savedpublisher=\count393
\c@language=\count394
\c@savedlanguage=\count395
\c@origlanguage=\count396
\c@savedoriglanguage=\count397
\c@pageref=\count398
\c@savedpageref=\count399
\shorthandwidth=\skip91
\shortjournalwidth=\skip92
\shortserieswidth=\skip93
\shorttitlewidth=\skip94
\shortauthorwidth=\skip95
\shorteditorwidth=\skip96
\locallabelnumberwidth=\skip97
\locallabelalphawidth=\skip98
\localshorthandwidth=\skip99
\localshortjournalwidth=\skip100
\localshortserieswidth=\skip101
\localshorttitlewidth=\skip102
\localshortauthorwidth=\skip103
\localshorteditorwidth=\skip104
Package biblatex Info: Trying to load compatibility code...
Package biblatex Info: ... file 'blx-compat.def' found.
 (C:\Users\Leonid_Krazer\AppData\Local\Programs\MiKTeX\tex/latex/biblatex\blx-compat.def
File: blx-compat.def 2023/03/05 v3.19 biblatex compatibility (PK/MW)
)
Package biblatex Info: Trying to load generic definitions...
Package biblatex Info: ... file 'biblatex.def' found.
 (C:\Users\Leonid_Krazer\AppData\Local\Programs\MiKTeX\tex/latex/biblatex\biblatex.def
File: biblatex.def 2023/03/05 v3.19 biblatex compatibility (PK/MW)
\c@textcitecount=\count400
\c@textcitetotal=\count401
\c@textcitemaxnames=\count402
\c@biburlbigbreakpenalty=\count403
\c@biburlbreakpenalty=\count404
\c@biburlnumpenalty=\count405
\c@biburlucpenalty=\count406
\c@biburllcpenalty=\count407
\biburlbigskip=\muskip17
\biburlnumskip=\muskip18
\biburlucskip=\muskip19
\biburllcskip=\muskip20
\c@smartand=\count408
)
Package biblatex Info: Trying to load bibliography style 'numeric'...
Package biblatex Info: ... file 'numeric.bbx' found.
 (C:\Users\Leonid_Krazer\AppData\Local\Programs\MiKTeX\tex/latex/biblatex/bbx\numeric.bbx
File: numeric.bbx 2023/03/05 v3.19 biblatex bibliography style (PK/MW)
Package biblatex Info: Trying to load bibliography style 'standard'...
Package biblatex Info: ... file 'standard.bbx' found.
 (C:\Users\Leonid_Krazer\AppData\Local\Programs\MiKTeX\tex/latex/biblatex/bbx\standard.bbx
File: standard.bbx 2023/03/05 v3.19 biblatex bibliography style (PK/MW)
\c@bbx:relatedcount=\count409
\c@bbx:relatedtotal=\count410
))
Package biblatex Info: Trying to load citation style 'numeric'...
Package biblatex Info: ... file 'numeric.cbx' found.
 (C:\Users\Leonid_Krazer\AppData\Local\Programs\MiKTeX\tex/latex/biblatex/cbx\numeric.cbx
File: numeric.cbx 2023/03/05 v3.19 biblatex citation style (PK/MW)
Package biblatex Info: Redefining '\cite'.
Package biblatex Info: Redefining '\parencite'.
Package biblatex Info: Redefining '\footcite'.
Package biblatex Info: Redefining '\footcitetext'.
Package biblatex Info: Redefining '\smartcite'.
Package biblatex Info: Redefining '\supercite'.
Package biblatex Info: Redefining '\textcite'.
Package biblatex Info: Redefining '\textcites'.
Package biblatex Info: Redefining '\cites'.
Package biblatex Info: Redefining '\parencites'.
Package biblatex Info: Redefining '\smartcites'.
)
Package biblatex Info: Trying to load configuration file...
Package biblatex Info: ... file 'biblatex.cfg' found.
 (C:\Users\Leonid_Krazer\AppData\Local\Programs\MiKTeX\tex/latex/biblatex\biblatex.cfg
File: biblatex.cfg 
)
Package biblatex Info: Input encoding 'utf8' detected.
Package biblatex Info: Document encoding is UTF8 ....
 (C:\Users\Leonid_Krazer\AppData\Local\Programs\MiKTeX\tex/latex/l3kernel\expl3.sty
Package: expl3 2023-04-20 L3 programming layer (loader) 
 (C:\Users\Leonid_Krazer\AppData\Local\Programs\MiKTeX\tex/latex/l3backend\l3backend-pdftex.def
File: l3backend-pdftex.def 2023-04-19 L3 backend support: PDF output (pdfTeX)
\l__color_backend_stack_int=\count411
\l__pdf_internal_box=\box60
))
Package biblatex Info: ... and expl3
(biblatex)             2023-04-20 L3 programming layer (loader) 
(biblatex)             is new enough (at least 2020/04/06),
(biblatex)             setting 'casechanger=expl3'.
 (C:\Users\Leonid_Krazer\AppData\Local\Programs\MiKTeX\tex/latex/biblatex\blx-case-expl3.sty (C:\Users\Leonid_Krazer\AppData\Local\Programs\MiKTeX\tex/latex/l3packages/xparse\xparse.sty
Package: xparse 2023-02-02 L3 Experimental document command parser
)
Package: blx-case-expl3 2023/03/05 v3.19 expl3 case changing code for biblatex
)) (C:\Users\Leonid_Krazer\AppData\Local\Programs\MiKTeX\tex/latex/zref\zref-totpages.sty
Package: zref-totpages 2023-09-14 v2.35 Module totpages for zref (HO)
 (C:\Users\Leonid_Krazer\AppData\Local\Programs\MiKTeX\tex/latex/zref\zref-base.sty
Package: zref-base 2023-09-14 v2.35 Module base for zref (HO)
 (C:\Users\Leonid_Krazer\AppData\Local\Programs\MiKTeX\tex/generic/kvdefinekeys\kvdefinekeys.sty
Package: kvdefinekeys 2019-12-19 v1.6 Define keys (HO)
) (C:\Users\Leonid_Krazer\AppData\Local\Programs\MiKTeX\tex/latex/auxhook\auxhook.sty
Package: auxhook 2019-12-17 v1.6 Hooks for auxiliary files (HO)
)
Package zref Info: New property list: main on input line 767.
Package zref Info: New property: default on input line 768.
Package zref Info: New property: page on input line 769.
) (C:\Users\Leonid_Krazer\AppData\Local\Programs\MiKTeX\tex/latex/zref\zref-abspage.sty
Package: zref-abspage 2023-09-14 v2.35 Module abspage for zref (HO)
\c@abspage=\count412
Package zref Info: New property: abspage on input line 67.
) (C:\Users\Leonid_Krazer\AppData\Local\Programs\MiKTeX\tex/latex/zref\zref-lastpage.sty
Package: zref-lastpage 2023-09-14 v2.35 Module lastpage for zref (HO)
Package zref Info: New property list: LastPage on input line 57.
)) (C:\Users\Leonid_Krazer\AppData\Local\Programs\MiKTeX\tex/latex/listings\listings.sty
\lst@mode=\count413
\lst@gtempboxa=\box61
\lst@token=\toks34
\lst@length=\count414
\lst@currlwidth=\dimen184
\lst@column=\count415
\lst@pos=\count416
\lst@lostspace=\dimen185
\lst@width=\dimen186
\lst@newlines=\count417
\lst@lineno=\count418
\lst@maxwidth=\dimen187
 (C:\Users\Leonid_Krazer\AppData\Local\Programs\MiKTeX\tex/latex/listings\lstmisc.sty
File: lstmisc.sty 2023/02/27 1.9 (Carsten Heinz)
\c@lstnumber=\count419
\lst@skipnumbers=\count420
\lst@framebox=\box62
) (C:\Users\Leonid_Krazer\AppData\Local\Programs\MiKTeX\tex/latex/listings\listings.cfg
File: listings.cfg 2023/02/27 1.9 listings configuration
))
Package: listings 2023/02/27 1.9 (Carsten Heinz)
Package color Info: Redefining color cyan on input line 51.


Package biblatex Warning: 'babel/polyglossia' detected but 'csquotes' missing.
(biblatex)                Loading 'csquotes' recommended.

\@quotelevel=\count421
\@quotereset=\count422
(work.aux)
\openout1 = `work.aux'.

LaTeX Font Info:    Checking defaults for OML/cmm/m/it on input line 74.
LaTeX Font Info:    ... okay on input line 74.
LaTeX Font Info:    Checking defaults for OMS/cmsy/m/n on input line 74.
LaTeX Font Info:    ... okay on input line 74.
LaTeX Font Info:    Checking defaults for OT1/cmr/m/n on input line 74.
LaTeX Font Info:    ... okay on input line 74.
LaTeX Font Info:    Checking defaults for T1/cmr/m/n on input line 74.
LaTeX Font Info:    ... okay on input line 74.
LaTeX Font Info:    Checking defaults for TS1/cmr/m/n on input line 74.
LaTeX Font Info:    ... okay on input line 74.
LaTeX Font Info:    Checking defaults for OMX/cmex/m/n on input line 74.
LaTeX Font Info:    ... okay on input line 74.
LaTeX Font Info:    Checking defaults for U/cmr/m/n on input line 74.
LaTeX Font Info:    ... okay on input line 74.
LaTeX Font Info:    Checking defaults for T2A/cmr/m/n on input line 74.
LaTeX Font Info:    ... okay on input line 74.
LaTeX Info: Redefining \th on input line 74.

*geometry* driver: auto-detecting
*geometry* detected driver: pdftex
*geometry* verbose mode - [ preamble ] result:
* driver: pdftex
* paper: a4paper
* layout: <same size as paper>
* layoutoffset:(h,v)=(0.0pt,0.0pt)
* modes: 
* h-part:(L,W,R)=(93.89409pt, 475.16104pt, 28.45274pt)
* v-part:(T,H,B)=(42.67912pt, 745.46222pt, 56.9055pt)
* \paperwidth=597.50787pt
* \paperheight=845.04684pt
* \textwidth=475.16104pt
* \textheight=745.46222pt
* \oddsidemargin=21.6241pt
* \evensidemargin=21.6241pt
* \topmargin=-66.59087pt
* \headheight=12.0pt
* \headsep=25.0pt
* \topskip=12.0pt
* \footskip=30.0pt
* \marginparwidth=44.0pt
* \marginparsep=10.0pt
* \columnsep=10.0pt
* \skip\footins=10.8pt plus 4.0pt minus 2.0pt
* \hoffset=0.0pt
* \voffset=0.0pt
* \mag=1000
* \@twocolumnfalse
* \@twosidefalse
* \@mparswitchfalse
* \@reversemarginfalse
* (1in=72.27pt=25.4mm, 1cm=28.453pt)

(C:\Users\Leonid_Krazer\AppData\Local\Programs\MiKTeX\tex/context/base/mkii\supp-pdf.mkii
[Loading MPS to PDF converter (version 2006.09.02).]
\scratchcounter=\count423
\scratchdimen=\dimen188
\scratchbox=\box63
\nofMPsegments=\count424
\nofMParguments=\count425
\everyMPshowfont=\toks35
\MPscratchCnt=\count426
\MPscratchDim=\dimen189
\MPnumerator=\count427
\makeMPintoPDFobject=\count428
\everyMPtoPDFconversion=\toks36
) (C:\Users\Leonid_Krazer\AppData\Local\Programs\MiKTeX\tex/latex/epstopdf-pkg\epstopdf-base.sty
Package: epstopdf-base 2020-01-24 v2.11 Base part for package epstopdf
Package epstopdf-base Info: Redefining graphics rule for `.eps' on input line 485.
 (C:\Users\Leonid_Krazer\AppData\Local\Programs\MiKTeX\tex/latex/00miktex\epstopdf-sys.cfg
File: epstopdf-sys.cfg 2021/03/18 v2.0 Configuration of epstopdf for MiKTeX
))
Package caption Info: Begin \AtBeginDocument code.
Package caption Info: listings package is loaded.
Package caption Info: longtable package is loaded.
 (C:\Users\Leonid_Krazer\AppData\Local\Programs\MiKTeX\tex/latex/caption\ltcaption.sty
Package: ltcaption 2021/01/08 v1.4c longtable captions (AR)
)
Package caption Info: End \AtBeginDocument code.
 (C:\Users\Leonid_Krazer\AppData\Local\Programs\MiKTeX\tex/latex/pdflscape\pdflscape.sty
Package: pdflscape 2022-10-27 v0.13 Display of landscape pages in PDF
 (C:\Users\Leonid_Krazer\AppData\Local\Programs\MiKTeX\tex/latex/pdflscape\pdflscape-nometadata.sty
Package: pdflscape-nometadata 2022-10-28 v0.13 Display of landscape pages in PDF (HO)
 (C:\Users\Leonid_Krazer\AppData\Local\Programs\MiKTeX\tex/latex/graphics\lscape.sty
Package: lscape 2020/05/28 v3.02 Landscape Pages (DPC)
)
Package pdflscape Info: Auto-detected driver: pdftex on input line 81.
))
Package biblatex Info: Trying to load language 'russian'...
Package biblatex Info: ... file 'russian.lbx' found.
 (C:\Users\Leonid_Krazer\AppData\Local\Programs\MiKTeX\tex/latex/biblatex/lbx\russian.lbx
File: russian.lbx 2023/03/05 v3.19 biblatex localization (PK/MW)
)
Package biblatex Info: Trying to load language 'english'...
Package biblatex Info: ... file 'english.lbx' found.
 (C:\Users\Leonid_Krazer\AppData\Local\Programs\MiKTeX\tex/latex/biblatex/lbx\english.lbx
File: english.lbx 2023/03/05 v3.19 biblatex localization (PK/MW)
)
Package biblatex Info: Input encoding 'utf8' detected.
Package biblatex Info: Automatic encoding selection.
(biblatex)             Assuming data encoding 'utf8'.
\openout3 = `work.bcf'.

Package biblatex Info: Trying to load bibliographic data...
Package biblatex Info: ... file 'work.bbl' found.
 (work.bbl)
Package biblatex Info: Reference section=0 on input line 74.
Package biblatex Info: Reference segment=0 on input line 74.
\c@lstlisting=\count429
<title_page.pdf, id=1, 598.235pt x 845.1575pt>
File: title_page.pdf Graphic file (type pdf)
<use title_page.pdf>
Package pdftex.def Info: title_page.pdf  used on input line 78.
(pdftex.def)             Requested size: 598.23354pt x 845.15544pt.
File: title_page.pdf Graphic file (type pdf)
<use title_page.pdf>
Package pdftex.def Info: title_page.pdf  used on input line 78.
(pdftex.def)             Requested size: 598.23354pt x 845.15544pt.
<title_page.pdf, id=4, page=1, 598.235pt x 845.1575pt>
File: title_page.pdf Graphic file (type pdf)
<use title_page.pdf, page 1>
Package pdftex.def Info: title_page.pdf , page1 used on input line 78.
(pdftex.def)             Requested size: 598.23354pt x 845.15544pt.
File: title_page.pdf Graphic file (type pdf)
<use title_page.pdf, page 1>
Package pdftex.def Info: title_page.pdf , page1 used on input line 78.
(pdftex.def)             Requested size: 597.7406pt x 844.45905pt.
File: title_page.pdf Graphic file (type pdf)
<use title_page.pdf, page 1>
Package pdftex.def Info: title_page.pdf , page1 used on input line 78.
(pdftex.def)             Requested size: 597.7406pt x 844.45905pt.
File: title_page.pdf Graphic file (type pdf)
<use title_page.pdf, page 1>
Package pdftex.def Info: title_page.pdf , page1 used on input line 78.
(pdftex.def)             Requested size: 597.7406pt x 844.45905pt.
File: title_page.pdf Graphic file (type pdf)
<use title_page.pdf, page 1>
Package pdftex.def Info: title_page.pdf , page1 used on input line 78.
(pdftex.def)             Requested size: 597.7406pt x 844.45905pt.
 [1


 <./title_page.pdf>]
LaTeX Font Info:    External font `cmex10' loaded for size
(Font)              <12> on input line 91.
LaTeX Font Info:    External font `cmex10' loaded for size
(Font)              <8> on input line 91.
LaTeX Font Info:    External font `cmex10' loaded for size
(Font)              <6> on input line 91.
LaTeX Font Info:    Trying to load font information for U+stmry on input line 91.
 (C:\Users\Leonid_Krazer\AppData\Local\Programs\MiKTeX\tex/latex/stmaryrd\ustmry.fd) [2{C:/Users/Leonid_Krazer/AppData/Local/MiKTeX/fonts/map/pdftex/pdftex.map}] (work.toc [3])
\tf@toc=\write4
\openout4 = `work.toc'.

 [4]
Underfull \hbox (badness 1596) in paragraph at lines 119--120
\T2A/cmr/m/n/12 сте-ма, предо-став-ля-ю-щая до-ступ к
 []


Underfull \hbox (badness 4713) in paragraph at lines 125--126
[]|\T2A/cmr/m/n/12 Направление раз-ви-тия Все-мир-ной
 []


Underfull \hbox (badness 2662) in paragraph at lines 129--130
\T2A/cmr/m/n/12 опи-са-ние спо-со-бов вза-и-мо-дей-ствия
 []


Underfull \hbox (badness 1043) in paragraph at lines 129--130
\T2A/cmr/m/n/12 од-ной ком-пью-тер-ной про-грам-мы с
 []


Underfull \hbox (badness 10000) in paragraph at lines 133--134
\T2A/cmr/m/n/12 ти-фи-ци-ру-ю-щая аб-стракт-ный или
 []


Underfull \hbox (badness 10000) in paragraph at lines 135--135
[]|\T2A/cmr/m/n/12 RDF (Resource Description
 []


Underfull \hbox (badness 7203) in paragraph at lines 135--136
[]|\T2A/cmr/m/n/12 Разработанная W3C мо-дель для
 []

[5]
Underfull \hbox (badness 10000) in paragraph at lines 151--151
[]|\T2A/cmr/m/n/12 XAML (eXtensible Application
 []


Underfull \hbox (badness 2189) in paragraph at lines 151--152
[]|\T2A/cmr/m/n/12 Расширяемый язык раз-мет-ки для
 []


Underfull \hbox (badness 1389) in paragraph at lines 151--152
\T2A/cmr/m/n/12 грам-ми-ро-ва-ния ин-тер-фей-са при-ло-
 []


Underfull \hbox (badness 1127) in paragraph at lines 155--156
[]|\T2A/cmr/m/n/12 Одна из ре-а-ли-за-ций пат-тер-на DI,
 []


Underfull \hbox (badness 1442) in paragraph at lines 155--156
\T2A/cmr/m/n/12 мно-же-ство за-дач, вклю-чая ком-по-
 []


Underfull \hbox (badness 10000) in paragraph at lines 157--157
[]|\T2A/cmr/m/n/12 REST (REpresentational State
 []


Underfull \hbox (badness 7832) in paragraph at lines 157--158
[]|\T2A/cmr/m/n/12 Архитектурный стиль вза-и-мо-дей-
 []

[6] [7] [8]
<_images/eric.png, id=49, 236.885pt x 156.585pt>
File: _images/eric.png Graphic file (type png)
<use _images/eric.png>
Package pdftex.def Info: _images/eric.png  used on input line 226.
(pdftex.def)             Requested size: 236.88441pt x 156.58461pt.
 [9 <./_images/eric.png>]
LaTeX Font Info:    Trying to load font information for T2A+cmtt on input line 234.
 (C:\Users\Leonid_Krazer\AppData\Local\Programs\MiKTeX\tex/latex/cyrillic\t2acmtt.fd
File: t2acmtt.fd 2001/08/11 v1.0a Computer Modern Cyrillic font definitions
)
Overfull \hbox (1.96967pt too wide) in paragraph at lines 267--268
 \T2A/cmr/bx/n/12 Notation3 (N3)[] \T2A/cmr/m/n/12 [5] (рис. 4[]) - фор-мат се-ри-а-ли-за-ции дан-ных, пред-ло-жен-ный Tim-Berners
 []

[10]
Overfull \hbox (13.03844pt too wide) in paragraph at lines 283--284
 \T2A/cmr/bx/n/12 Turtle[] \T2A/cmr/m/n/12 [6] (рис. 5[]) - фор-мат се-ри-а-ли-за-ции дан-ных, яв-ля-ю-щий-ся под-мно-же-ством Notation3.
 []

<_images/rdf_eric_razbor.png, id=60, 582.175pt x 190.7125pt>
File: _images/rdf_eric_razbor.png Graphic file (type png)
<use _images/rdf_eric_razbor.png>
Package pdftex.def Info: _images/rdf_eric_razbor.png  used on input line 300.
(pdftex.def)             Requested size: 475.16104pt x 155.66064pt.
[11 <./_images/rdf_eric_razbor.png>] [12] [13]
<_images/base_sch_onto.png, id=72, 448.67625pt x 108.405pt>
File: _images/base_sch_onto.png Graphic file (type png)
<use _images/base_sch_onto.png>
Package pdftex.def Info: _images/base_sch_onto.png  used on input line 384.
(pdftex.def)             Requested size: 285.09952pt x 68.88437pt.
<_images/sys_obj_all.png, id=73, 774.895pt x 384.43625pt>
File: _images/sys_obj_all.png Graphic file (type png)
<use _images/sys_obj_all.png>
Package pdftex.def Info: _images/sys_obj_all.png  used on input line 393.
(pdftex.def)             Requested size: 427.64203pt x 212.16211pt.
 [14 <./_images/base_sch_onto.png> <./_images/sys_obj_all.png>]
<_images/ent_all.png, id=79, 703.62875pt x 289.08pt>
File: _images/ent_all.png Graphic file (type png)
<use _images/ent_all.png>
Package pdftex.def Info: _images/ent_all.png  used on input line 404.
(pdftex.def)             Requested size: 427.64203pt x 175.69011pt.
 [15 <./_images/ent_all.png>] [16]
<_images/architecture.png, id=87, 1519.6775pt x 363.3575pt>
File: _images/architecture.png Graphic file (type png)
<use _images/architecture.png>
Package pdftex.def Info: _images/architecture.png  used on input line 473.
(pdftex.def)             Requested size: 475.16104pt x 113.60992pt.
<_images/mvvm.png, id=88, 698.61pt x 130.4875pt>
File: _images/mvvm.png Graphic file (type png)
<use _images/mvvm.png>
Package pdftex.def Info: _images/mvvm.png  used on input line 486.
(pdftex.def)             Requested size: 475.16104pt x 88.75221pt.
 [17 <./_images/architecture.png> <./_images/mvvm.png>]
<_images/record_literal.png, id=94, 492.84125pt x 249.93375pt>
File: _images/record_literal.png Graphic file (type png)
<use _images/record_literal.png>
Package pdftex.def Info: _images/record_literal.png  used on input line 506.
(pdftex.def)             Requested size: 475.16104pt x 240.9786pt.
 [18 <./_images/record_literal.png>]
<_images/inverse_link.png, id=99, 660.4675pt x 190.7125pt>
File: _images/inverse_link.png Graphic file (type png)
<use _images/inverse_link.png>
Package pdftex.def Info: _images/inverse_link.png  used on input line 516.
(pdftex.def)             Requested size: 380.13028pt x 109.7665pt.

Underfull \hbox (badness 2538) in paragraph at lines 533--534
[]|\T2A/cmr/m/n/12 Graph Database мо-гут ис-поль-зо-вать и
 []


Underfull \hbox (badness 5787) in paragraph at lines 539--539
[]|\T2A/cmr/m/n/12 Структура Triplestore по па-мя-ти
 []

[19 <./_images/inverse_link.png>] [20] [21]
<_images/working_rdf.png, id=112, 643.40375pt x 245.91875pt>
File: _images/working_rdf.png Graphic file (type png)
<use _images/working_rdf.png>
Package pdftex.def Info: _images/working_rdf.png  used on input line 649.
(pdftex.def)             Requested size: 285.09952pt x 108.97382pt.
<_images/rdf_vis_result.png, id=113, 305.14pt x 285.065pt>
File: _images/rdf_vis_result.png Graphic file (type png)
<use _images/rdf_vis_result.png>
Package pdftex.def Info: _images/rdf_vis_result.png  used on input line 675.
(pdftex.def)             Requested size: 95.03075pt x 88.7781pt.
 [22 <./_images/working_rdf.png>] [23 <./_images/rdf_vis_result.png>]
Overfull \hbox (43.88023pt too wide) in paragraph at lines 705--706
\T2A/cmr/m/n/12 ный мо-мент су-ще-ству-ют 2 клас-са: SemanticWebInMemoryContext и SemanticWebDatabaseContext,
 []

[24]
<_images/composer_arch.png, id=125, 503.8825pt x 325.215pt>
File: _images/composer_arch.png Graphic file (type png)
<use _images/composer_arch.png>
Package pdftex.def Info: _images/composer_arch.png  used on input line 731.
(pdftex.def)             Requested size: 237.58052pt x 153.33737pt.
 [25 <./_images/composer_arch.png>]
<_images/prefix_tree.png, id=131, 423.5825pt x 372.39125pt>
File: _images/prefix_tree.png Graphic file (type png)
<use _images/prefix_tree.png>
Package pdftex.def Info: _images/prefix_tree.png  used on input line 747.
(pdftex.def)             Requested size: 237.58052pt x 208.86723pt.
 [26 <./_images/prefix_tree.png>]
<_images/data_access.png, id=136, 1748.5325pt x 1108.14pt>
File: _images/data_access.png Graphic file (type png)
<use _images/data_access.png>
Package pdftex.def Info: _images/data_access.png  used on input line 761.
(pdftex.def)             Requested size: 332.61127pt x 210.7855pt.
<_images/remote_conn.png, id=137, 1608.0075pt x 991.705pt>
File: _images/remote_conn.png Graphic file (type png)
<use _images/remote_conn.png>
Package pdftex.def Info: _images/remote_conn.png  used on input line 773.
(pdftex.def)             Requested size: 237.58052pt x 146.50977pt.

Overfull \hbox (6.4383pt too wide) in paragraph at lines 778--779
[]\T2A/cmr/m/n/12 Чтобы аб-стра-ги-ро-вать-ся от ис-точ-ни-ка дан-ных, ис-поль-зу-ет-ся ин-тер-фейс IRecordLink.
 []

[27 <./_images/data_access.png>] [28 <./_images/remote_conn.png>] [29]
<_images/if_merge_success.png, id=149, 2109.8825pt x 971.63pt>
File: _images/if_merge_success.png Graphic file (type png)
<use _images/if_merge_success.png>
Package pdftex.def Info: _images/if_merge_success.png  used on input line 848.
(pdftex.def)             Requested size: 332.61127pt x 153.16597pt.
 [30 <./_images/if_merge_success.png>]
<_images/if_merge_failure.png, id=154, 1770.615pt x 788.9475pt>
File: _images/if_merge_failure.png Graphic file (type png)
<use _images/if_merge_failure.png>
Package pdftex.def Info: _images/if_merge_failure.png  used on input line 857.
(pdftex.def)             Requested size: 332.61127pt x 148.20416pt.
<_images/bad_node_pooling.png, id=155, 1587.9325pt x 540.0175pt>
File: _images/bad_node_pooling.png Graphic file (type png)
<use _images/bad_node_pooling.png>
Package pdftex.def Info: _images/bad_node_pooling.png  used on input line 873.
(pdftex.def)             Requested size: 332.61127pt x 113.11038pt.
 [31 <./_images/if_merge_failure.png> <./_images/bad_node_pooling.png>]
<_images/concurrent_push_good.png, id=162, 1850.915pt x 2031.59pt>
File: _images/concurrent_push_good.png Graphic file (type png)
<use _images/concurrent_push_good.png>
Package pdftex.def Info: _images/concurrent_push_good.png  used on input line 891.
(pdftex.def)             Requested size: 332.61127pt x 365.05043pt.
 [32 <./_images/concurrent_push_good.png>] [33] [34] [35] [36]
<_images/edit_window.png, id=179, 352.31625pt x 266.79675pt>
File: _images/edit_window.png Graphic file (type png)
<use _images/edit_window.png>
Package pdftex.def Info: _images/edit_window.png  used on input line 1014.
(pdftex.def)             Requested size: 285.09952pt x 215.89655pt.
<_images/table_view.png, id=180, 946.28531pt x 649.67719pt>
File: _images/table_view.png Graphic file (type png)
<use _images/table_view.png>
Package pdftex.def Info: _images/table_view.png  used on input line 1021.
(pdftex.def)             Requested size: 332.61127pt x 228.352pt.
<_images/tree_view.png, id=181, 253.54726pt x 368.577pt>
File: _images/tree_view.png Graphic file (type png)
<use _images/tree_view.png>
Package pdftex.def Info: _images/tree_view.png  used on input line 1028.
(pdftex.def)             Requested size: 285.09952pt x 414.46811pt.
<_images/merge_tool.png, id=182, 435.42674pt x 123.46124pt>
File: _images/merge_tool.png Graphic file (type png)
<use _images/merge_tool.png>
Package pdftex.def Info: _images/merge_tool.png  used on input line 1035.
(pdftex.def)             Requested size: 380.13028pt x 107.78717pt.
 [37 <./_images/edit_window.png> <./_images/table_view.png>] [38 <./_images/tree_view.png> <./_images/merge_tool.png>] (work.aux)
Package logreq Info: Writing requests to 'work.run.xml'.
\openout1 = `work.run.xml'.

 ) 
Here is how much of TeX's memory you used:
 17734 strings out of 476315
 330501 string characters out of 5783421
 1877068 words of memory out of 5000000
 37901 multiletter control sequences out of 15000+600000
 522229 words of font info for 54 fonts, out of 8000000 for 9000
 1141 hyphenation exceptions out of 8191
 69i,17n,68p,1803b,1803s stack positions out of 10000i,1000n,20000p,200000b,200000s
 <C:\Users\Leonid_Krazer\AppData\Local\MiKTeX\fonts/pk/ljfour/lh/lh-t2a/dpi600\latt1200.pk> <C:\Users\Leonid_Krazer\AppData\Local\MiKTeX\fonts/pk/ljfour/lh/lh-t2a/dpi600\labx1440.pk> <C:\Users\Leonid_Krazer\AppData\Local\MiKTeX\fonts/pk/ljfour/jknappen/ec/dpi600\tcrm1200.pk> <C:\Users\Leonid_Krazer\AppData\Local\MiKTeX\fonts/pk/ljfour/lh/lh-t2a/dpi600\labx1200.pk> <C:\Users\Leonid_Krazer\AppData\Local\MiKTeX\fonts/pk/ljfour/lh/lh-t2a/dpi600\larm1200.pk> <C:\Users\Leonid_Krazer\AppData\Local\MiKTeX\fonts/pk/ljfour/lh/lh-t2a/dpi600\labx1728.pk><C:/Users/Leonid_Krazer/AppData/Local/Programs/MiKTeX/fonts/type1/public/amsfonts/cm/cmr12.pfb><C:/Users/Leonid_Krazer/AppData/Local/Programs/MiKTeX/fonts/type1/public/amsfonts/cm/cmsy10.pfb>
Output written on work.pdf (38 pages, 1020467 bytes).
PDF statistics:
 614 PDF objects out of 1000 (max. 8388607)
 0 named destinations out of 1000 (max. 500000)
 136 words of extra memory for PDF output out of 10000 (max. 10000000)

